15.06.2017 19:28:45.379 WARNING: Run application!
15.06.2017 19:28:45.705 WARNING: Preparation database
15.06.2017 19:28:45.797 WARNING: sqliteDBMemFile(): from file to memory...
15.06.2017 19:28:45.800 WARNING: sqliteDBMemFile(): finished!
15.06.2017 19:28:45.827 WARNING: Run application 2
15.06.2017 19:28:45.916 WARNING: AdBlockSubscription:: loadSubscription invalid format of adblock file "D:/Development/Portable Apps/QuiteRSS/Releases/QuiteRSSPortable/App/QuiteRSS/adblock/customlist.txt"
15.06.2017 19:28:45.932 WARNING: Run application 3
15.06.2017 19:28:45.940 WARNING: Run application 4
15.06.2017 19:28:45.945 WARNING: Run application 5
15.06.2017 19:28:46.035 WARNING: Run application 6
15.06.2017 19:29:19.450 WARNING: sqliteDBMemFile(): from memory to file...
15.06.2017 19:29:19.489 WARNING: sqliteDBMemFile(): finished!
15.06.2017 19:29:19.492 WARNING: quitApplication 1
15.06.2017 19:29:19.519 WARNING: quitApplication 2
15.06.2017 19:29:19.666 WARNING: Quit application
15.06.2017 19:30:26.910 WARNING: Run application!
15.06.2017 19:30:27.182 WARNING: Preparation database
15.06.2017 19:30:27.277 WARNING: sqliteDBMemFile(): from file to memory...
15.06.2017 19:30:27.280 WARNING: sqliteDBMemFile(): finished!
15.06.2017 19:30:27.298 WARNING: Run application 2
15.06.2017 19:30:27.395 WARNING: AdBlockSubscription:: loadSubscription invalid format of adblock file "D:/Development/Portable Apps/QuiteRSS/Releases/QuiteRSSPortable/App/QuiteRSS/adblock/customlist.txt"
15.06.2017 19:30:27.438 WARNING: Run application 3
15.06.2017 19:30:27.452 WARNING: Run application 4
15.06.2017 19:30:27.458 WARNING: Run application 5
15.06.2017 19:30:27.553 WARNING: Run application 6
15.06.2017 19:31:23.421 WARNING: sqliteDBMemFile(): from memory to file...
15.06.2017 19:31:23.481 WARNING: sqliteDBMemFile(): finished!
15.06.2017 19:31:23.484 WARNING: quitApplication 1
15.06.2017 19:31:23.493 WARNING: quitApplication 2
15.06.2017 19:31:23.645 WARNING: Quit application
15.06.2017 19:31:26.329 WARNING: Run application!
15.06.2017 19:31:26.596 WARNING: Preparation database
15.06.2017 19:31:26.599 WARNING: sqliteDBMemFile(): from file to memory...
15.06.2017 19:31:26.602 WARNING: sqliteDBMemFile(): finished!
15.06.2017 19:31:26.634 WARNING: Run application 2
15.06.2017 19:31:26.846 WARNING: Run application 3
15.06.2017 19:31:26.859 WARNING: Run application 4
15.06.2017 19:31:26.865 WARNING: Run application 5
15.06.2017 19:31:27.017 WARNING: Run application 6
15.06.2017 19:31:49.298 WARNING: sqliteDBMemFile(): from memory to file...
15.06.2017 19:31:49.373 WARNING: sqliteDBMemFile(): finished!
15.06.2017 19:31:49.379 WARNING: quitApplication 1
15.06.2017 19:31:49.403 WARNING: quitApplication 2
15.06.2017 19:31:49.551 WARNING: Quit application
